<?xml version="1.0" encoding="UTF-8"?>
<testng-results ignored="0" total="1" passed="1" failed="0" skipped="0">
  <reporter-output>
  </reporter-output>
  <suite started-at="2025-06-14T11:59:43 IST" name="Default suite" finished-at="2025-06-14T12:00:03 IST" duration-ms="20365">
    <groups>
    </groups>
    <test started-at="2025-06-14T11:59:43 IST" name="Default test" finished-at="2025-06-14T12:00:03 IST" duration-ms="20365">
      <class name="tests.CheckoutTest">
        <test-method is-config="true" signature="setup()[pri:0, instance:tests.CheckoutTest@206a70ef]" started-at="2025-06-14T11:59:43 IST" name="setup" finished-at="2025-06-14T11:59:44 IST" duration-ms="1426" status="PASS">
          <reporter-output>
          </reporter-output>
        </test-method> <!-- setup -->
        <test-method signature="checkoutTest()[pri:0, instance:tests.CheckoutTest@206a70ef]" started-at="2025-06-14T11:59:44 IST" name="checkoutTest" finished-at="2025-06-14T12:00:03 IST" duration-ms="18513" status="PASS">
          <reporter-output>
          </reporter-output>
        </test-method> <!-- checkoutTest -->
        <test-method is-config="true" signature="tearDown()[pri:0, instance:tests.CheckoutTest@206a70ef]" started-at="2025-06-14T12:00:03 IST" name="tearDown" finished-at="2025-06-14T12:00:03 IST" duration-ms="376" status="PASS">
          <reporter-output>
          </reporter-output>
        </test-method> <!-- tearDown -->
      </class> <!-- tests.CheckoutTest -->
    </test> <!-- Default test -->
  </suite> <!-- Default suite -->
</testng-results>
