<?xml version="1.0" encoding="UTF-8"?>
<testng-results ignored="0" total="1" passed="1" failed="0" skipped="0">
  <reporter-output>
  </reporter-output>
  <suite started-at="2025-06-20T20:12:47 IST" name="Default suite" finished-at="2025-06-20T20:13:19 IST" duration-ms="32380">
    <groups>
    </groups>
    <test started-at="2025-06-20T20:12:47 IST" name="Default test" finished-at="2025-06-20T20:13:19 IST" duration-ms="32380">
      <class name="tests.WishListTest">
        <test-method is-config="true" signature="setup(java.lang.reflect.Method)[pri:0, instance:tests.WishListTest@2c78324b]" started-at="2025-06-20T20:12:47 IST" name="setup" finished-at="2025-06-20T20:12:49 IST" duration-ms="1478" status="PASS">
          <params>
            <param index="0">
              <value>
                <![CDATA[public void tests.WishListTest.addtoWLandCarttest() throws java.lang.InterruptedException]]>
              </value>
            </param>
          </params>
          <reporter-output>
          </reporter-output>
        </test-method> <!-- setup -->
        <test-method signature="addtoWLandCarttest()[pri:0, instance:tests.WishListTest@2c78324b]" started-at="2025-06-20T20:12:49 IST" name="addtoWLandCarttest" finished-at="2025-06-20T20:13:19 IST" duration-ms="30497" status="PASS">
          <reporter-output>
          </reporter-output>
        </test-method> <!-- addtoWLandCarttest -->
        <test-method is-config="true" signature="tearDown(org.testng.ITestResult)[pri:0, instance:tests.WishListTest@2c78324b]" started-at="2025-06-20T20:13:19 IST" name="tearDown" finished-at="2025-06-20T20:13:19 IST" duration-ms="363" status="PASS">
          <params>
            <param index="0">
              <value>
                <![CDATA[[TestResult name=addtoWLandCarttest status=SUCCESS method=WishListTest.addtoWLandCarttest()[pri:0, instance:tests.WishListTest@2c78324b] output={null}]]]>
              </value>
            </param>
          </params>
          <reporter-output>
          </reporter-output>
        </test-method> <!-- tearDown -->
        <test-method is-config="true" signature="flushReport()[pri:0, instance:tests.WishListTest@2c78324b]" started-at="2025-06-20T20:13:20 IST" name="flushReport" finished-at="2025-06-20T20:13:20 IST" duration-ms="708" status="PASS">
          <reporter-output>
          </reporter-output>
        </test-method> <!-- flushReport -->
      </class> <!-- tests.WishListTest -->
    </test> <!-- Default test -->
  </suite> <!-- Default suite -->
</testng-results>
